<?xml version="1.0" encoding="UTF-8"?>
<!-- Generated by org.testng.reporters.JUnitReportReporter -->
<testsuite hostname="LAPTOP-QJ63NUUM" failures="0" tests="1" name="testCases.TC001_AccountRegistrationTest" time="1.994" errors="0" timestamp="2024-11-13T16:27:47 IST" skipped="0">
  <testcase classname="testCases.TC001_AccountRegistrationTest" name="verify_account_registration" time="1.994"/>
</testsuite> <!-- testCases.TC001_AccountRegistrationTest -->
